2026-07-09 20:58:31.149584: [DETAIL VIEW] Selected Instance ID: 30, Title: MBL 105, Current Node ID: 18 (Decidir Avance)
2026-07-09 20:59:00.636026: [DETAIL VIEW] Selected Instance ID: 30, Title: MBL 105, Current Node ID: 18 (Decidir Avance)
2026-07-09 20:59:01.070516: [DETAIL VIEW] Selected Instance ID: 30, Title: MBL 105, Current Node ID: 18 (Decidir Avance)
2026-07-09 20:59:01.567984: [DETAIL VIEW] Selected Instance ID: 30, Title: MBL 105, Current Node ID: 18 (Decidir Avance)
2026-07-09 20:59:30.842766: [DETAIL VIEW] Selected Instance ID: 30, Title: MBL 105, Current Node ID: 18 (Decidir Avance)
2026-07-09 20:59:43.057305: [DETAIL VIEW] Selected Instance ID: 30, Title: MBL 105, Current Node ID: 18 (Decidir Avance)
2026-07-09 20:59:54.333480: [DETAIL VIEW] Selected Instance ID: 30, Title: MBL 105, Current Node ID: 21 (Tarea Paralela B)
2026-07-09 21:04:01.805927: [DETAIL VIEW] Selected Instance ID: 30, Title: MBL 105, Current Node ID: 22 (Fin)
2026-07-09 21:04:49.244887: [DETAIL VIEW] Selected Instance ID: 30, Title: MBL 105, Current Node ID: 22 (Fin)
2026-07-09 21:05:10.447374: [DETAIL VIEW] Selected Instance ID: 30, Title: MBL 105, Current Node ID: 22 (Fin)
2026-07-09 21:05:33.579164: [DETAIL VIEW] Selected Instance ID: 29, Title: MBL 104, Current Node ID: 18 (Decidir Avance)
2026-07-09 21:05:52.379348: [DETAIL VIEW] Selected Instance ID: 29, Title: MBL 104, Current Node ID: 18 (Decidir Avance)
2026-07-09 21:09:15.867534: [DETAIL VIEW] Selected Instance ID: 29, Title: MBL 104, Current Node ID: 18 (Decidir Avance)
2026-07-09 21:10:14.355464: [DETAIL VIEW] Selected Instance ID: 31, Title: MBL 106, Current Node ID: 17 (Solicitar Aprobación)
2026-07-09 21:13:01.727378: [DETAIL VIEW] Selected Instance ID: 31, Title: MBL 106, Current Node ID: 17 (Solicitar Aprobación)
2026-07-09 21:26:22.605356: [DETAIL VIEW] Selected Instance ID: 31, Title: MBL 106, Current Node ID: 17 (Solicitar Aprobación)
2026-07-09 21:28:05.243032: [DETAIL VIEW] Selected Instance ID: 31, Title: MBL 106, Current Node ID: 17 (Solicitar Aprobación)
2026-07-09 21:28:18.697561: [DETAIL VIEW] Selected Instance ID: 31, Title: MBL 106, Current Node ID: 17 (Solicitar Aprobación)
2026-07-09 21:34:17.920289: [DETAIL VIEW] Selected Instance ID: 31, Title: MBL 106, Current Node ID: 22 (Fin)
2026-07-09 21:34:23.680757: [DETAIL VIEW] Selected Instance ID: 31, Title: MBL 106, Current Node ID: 22 (Fin)
2026-07-09 21:37:17.359966: [DETAIL VIEW] Selected Instance ID: 29, Title: MBL 104, Current Node ID: 18 (Decidir Avance)
2026-07-09 21:37:24.276169: [DETAIL VIEW] Selected Instance ID: 29, Title: MBL 104, Current Node ID: 18 (Decidir Avance)
2026-07-09 21:37:27.699893: [DETAIL VIEW] Selected Instance ID: 31, Title: MBL 106, Current Node ID: 22 (Fin)
2026-07-09 21:40:43.474510: [DETAIL VIEW] Selected Instance ID: 31, Title: MBL 106, Current Node ID: 22 (Fin)
2026-07-09 21:41:07.646825: [DETAIL VIEW] Selected Instance ID: 32, Title: MBL 27, Current Node ID: 17 (Solicitar Aprobación)
2026-07-09 21:42:02.599329: [DETAIL VIEW] Selected Instance ID: 32, Title: MBL 27, Current Node ID: 17 (Solicitar Aprobación)
2026-07-09 21:42:02.949886: [DETAIL VIEW] Selected Instance ID: 32, Title: MBL 27, Current Node ID: 17 (Solicitar Aprobación)
2026-07-09 21:42:03.487974: [DETAIL VIEW] Selected Instance ID: 32, Title: MBL 27, Current Node ID: 17 (Solicitar Aprobación)
2026-07-09 21:42:41.525160: [DETAIL VIEW] Selected Instance ID: 33, Title: MBL 107, Current Node ID: 17 (Solicitar Aprobación)
2026-07-09 21:56:35.967694: [DETAIL VIEW] Selected Instance ID: 33, Title: MBL 107, Current Node ID: 22 (Fin)
2026-07-09 21:58:38.802044: [DETAIL VIEW] Selected Instance ID: 34, Title: MBL 108, Current Node ID: 17 (Solicitar Aprobación)
2026-07-09 22:05:45.193333: [DETAIL VIEW] Selected Instance ID: 34, Title: MBL 108, Current Node ID: 22 (Fin)
2026-07-09 22:06:11.812541: [DETAIL VIEW] Selected Instance ID: 35, Title: MBL 109, Current Node ID: 17 (Solicitar Aprobación)
2026-07-09 22:12:09.941669: [DETAIL VIEW] Selected Instance ID: 35, Title: MBL 109, Current Node ID: 21 (Tarea Paralela B)
2026-07-09 22:12:18.216907: [DETAIL VIEW] Selected Instance ID: 35, Title: MBL 109, Current Node ID: 21 (Tarea Paralela B)
2026-07-09 22:12:28.847222: [DETAIL VIEW] Selected Instance ID: 35, Title: MBL 109, Current Node ID: 21 (Tarea Paralela B)
2026-07-09 22:15:50.269127: [DETAIL VIEW] Selected Instance ID: 36, Title: MBL 110, Current Node ID: 17 (Solicitar Aprobación)
2026-07-09 22:35:24.050101: [DETAIL VIEW] Selected Instance ID: 37, Title: MBL 111, Current Node ID: 17 (Solicitar Aprobación)
2026-07-09 22:37:51.203832: [DETAIL VIEW] Selected Instance ID: 35, Title: MBL 109, Current Node ID: 21 (Tarea Paralela B)
2026-07-09 22:40:33.164017: [DETAIL VIEW] Selected Instance ID: 37, Title: MBL 111, Current Node ID: 21 (Tarea Paralela B)
2026-07-09 22:56:36.699088: [DETAIL VIEW] Selected Instance ID: 37, Title: MBL 111, Current Node ID: 21 (Tarea Paralela B)
2026-07-09 22:57:21.554165: [DETAIL VIEW] Selected Instance ID: 37, Title: MBL 111, Current Node ID: 21 (Tarea Paralela B)
2026-07-09 22:57:39.730612: [DETAIL VIEW] Selected Instance ID: 37, Title: MBL 111, Current Node ID: 21 (Tarea Paralela B)
2026-07-09 22:59:57.049765: [DETAIL VIEW] Selected Instance ID: 17, Title: MARILIA 23, Current Node ID: 22 (Fin)
2026-07-09 23:02:45.065633: [DETAIL VIEW] Selected Instance ID: 37, Title: MBL 111, Current Node ID: 21 (Tarea Paralela B)
2026-07-09 23:02:46.017869: [DETAIL VIEW] Selected Instance ID: 37, Title: MBL 111, Current Node ID: 21 (Tarea Paralela B)
2026-07-09 23:02:52.082140: [DETAIL VIEW] Selected Instance ID: 37, Title: MBL 111, Current Node ID: 21 (Tarea Paralela B)
2026-07-09 23:03:00.257009: [DETAIL VIEW] Selected Instance ID: 37, Title: MBL 111, Current Node ID: 21 (Tarea Paralela B)
2026-07-09 23:04:30.058784: [DETAIL VIEW] Selected Instance ID: 36, Title: MBL 110, Current Node ID: 21 (Tarea Paralela B)
2026-07-09 23:04:44.810983: [DETAIL VIEW] Selected Instance ID: 37, Title: MBL 111, Current Node ID: 21 (Tarea Paralela B)
2026-07-09 23:11:07.303777: [DETAIL VIEW] Selected Instance ID: 37, Title: MBL 111, Current Node ID: 21 (Tarea Paralela B)
2026-07-09 23:11:16.606647: [DETAIL VIEW] Selected Instance ID: 37, Title: MBL 111, Current Node ID: 21 (Tarea Paralela B)
2026-07-09 23:17:26.111457: [DETAIL VIEW] Selected Instance ID: 37, Title: MBL 111, Current Node ID: 22 (Fin)
2026-07-09 23:18:20.436449: [DETAIL VIEW] Selected Instance ID: 38, Title: MBL 112, Current Node ID: 17 (Solicitar Aprobación)
2026-07-09 23:22:00.856231: [DETAIL VIEW] Selected Instance ID: 38, Title: MBL 112, Current Node ID: 21 (Tarea Paralela B)
2026-07-09 23:22:13.087119: [DETAIL VIEW] Selected Instance ID: 38, Title: MBL 112, Current Node ID: 21 (Tarea Paralela B)
2026-07-09 23:32:44.752530: [DETAIL VIEW] Selected Instance ID: 38, Title: MBL 112, Current Node ID: 21 (Tarea Paralela B)
2026-07-09 23:33:43.206461: [DETAIL VIEW] Selected Instance ID: 39, Title: MBL 113, Current Node ID: 17 (Solicitar Aprobación)
2026-07-09 23:47:49.796736: [DETAIL VIEW] Selected Instance ID: 40, Title: MARILIA 28, Current Node ID: 17 (Solicitar Aprobación)
2026-07-10 00:08:46.562131: [DETAIL VIEW] Selected Instance ID: 41, Title: MARILIA 29, Current Node ID: 17 (Solicitar Aprobación)
2026-07-10 00:48:01.500718: [DETAIL VIEW] Selected Instance ID: 42, Title: MARILIA 30, Current Node ID: 17 (Solicitar Aprobación)
2026-07-10 01:04:16.562662: [DETAIL VIEW] Selected Instance ID: 43, Title: MARILIA 31, Current Node ID: 17 (Solicitar Aprobación)
